Parsing configuration file HDRMetricsYUV.cfg.
---------------------------------------------------------
 HDRMetrics.exe: Generic Video Quality Analysis tool - Version 0.11 (0.24)
---------------------------------------------------------
Parsing command line string 'EnableJVETPSNR=1'
Parsing command line string 'EnableJVETMSSSIM=1'
Parsing command line string 'EnablePSNR=1'
Parsing command line string 'NumberOfFrames=500'
Parsing command line string 'MaxSampleValue=255'
Parsing command line string 'Input0File=orig\D_BasketballPass_416x240_50.yuv'
Parsing command line string 'Input1File=recon\D_BasketballPass_416x240_50_recon.yuv'
Parsing command line string 'LogFile=results\BasketballPass.txt'
Parsing command line string 'Input0Rate=50'
Parsing command line string 'Input0Width=416'
Parsing command line string 'Input0Height=240'
Parsing command line string 'Input1Rate=50'
Parsing command line string 'Input1Width=416'
Parsing command line string 'Input1Height=240'
Parsing command line string 'Input0BitDepthCmp0=8'
Parsing command line string 'Input0BitDepthCmp1=8'
Parsing command line string 'Input0BitDepthCmp2=8'
Parsing command line string 'Input1BitDepthCmp0=8'
Parsing command line string 'Input1BitDepthCmp1=8'
Parsing command line string 'Input1BitDepthCmp2=8'
================================================================================================================
Input0: orig\D_BasketballPass_416x240_50.yuv
W x H:  (416x240) ~ (0x0 - 0x0) => (416x240)
ColorSpace: YCbCr (BT.709/Null)
Format: 4:2:0p, PxFmt: YUV
DataType: Fixed, BitDepth: 8, Range: STANDARD
Fps:  50.000 (50/1)
----------------------------------------------------------------------------------------------------------------
Input1: recon\D_BasketballPass_416x240_50_recon.yuv
W x H:  (416x240) ~ (0x0 - 0x0) => (416x240)
ColorSpace: YCbCr (BT.709/Null)
Format: 4:2:0p, PxFmt: YUV
DataType: Fixed, BitDepth: 8, Range: STANDARD
Fps:  50.000 (50/1)
================================================================================================================
------------------------------------------------------------------------------------------------------------------------------------------
Frame#  PSNR-Y  PSNR-U  PSNR-V     MSE-Y      MSE-U      MSE-V     GSSIM-Y    GSSIM-U    GSSIM-V   JMSSSIM-Y  JMSSSIM-U  JMSSSIM-V   Time 
------------------------------------------------------------------------------------------------------------------------------------------
000000 999.990 999.990 999.990      0.000      0.000      0.000    1.00000    1.00000    1.00000    1.00000    1.00000    1.00000   0.088
000001 999.990 999.990 999.990      0.000      0.000      0.000    1.00000    1.00000    1.00000    1.00000    1.00000    1.00000   0.085
000002 999.990 999.990 999.990      0.000      0.000      0.000    1.00000    1.00000    1.00000    1.00000    1.00000    1.00000   0.088
000003 999.990 999.990 999.990      0.000      0.000      0.000    1.00000    1.00000    1.00000    1.00000    1.00000    1.00000   0.084
000004 999.990 999.990 999.990      0.000      0.000      0.000    1.00000    1.00000    1.00000    1.00000    1.00000    1.00000   0.091
000005 999.990 999.990 999.990      0.000      0.000      0.000    1.00000    1.00000    1.00000    1.00000    1.00000    1.00000   0.086
000006 999.990 999.990 999.990      0.000      0.000      0.000    1.00000    1.00000    1.00000    1.00000    1.00000    1.00000   0.084
000007 999.990 999.990 999.990      0.000      0.000      0.000    1.00000    1.00000    1.00000    1.00000    1.00000    1.00000   0.094
000008 999.990 999.990 999.990      0.000      0.000      0.000    1.00000    1.00000    1.00000    1.00000    1.00000    1.00000   0.084
000009 999.990 999.990 999.990      0.000      0.000      0.000    1.00000    1.00000    1.00000    1.00000    1.00000    1.00000   0.087
000010 999.990 999.990 999.990      0.000      0.000      0.000    1.00000    1.00000    1.00000    1.00000    1.00000    1.00000   0.084
000011 999.990 999.990 999.990      0.000      0.000      0.000    1.00000    1.00000    1.00000    1.00000    1.00000    1.00000   0.101
000012 999.990 999.990 999.990      0.000      0.000      0.000    1.00000    1.00000    1.00000    1.00000    1.00000    1.00000   0.088
000013 999.990 999.990 999.990      0.000      0.000      0.000    1.00000    1.00000    1.00000    1.00000    1.00000    1.00000   0.087
000014 999.990 999.990 999.990      0.000      0.000      0.000    1.00000    1.00000    1.00000    1.00000    1.00000    1.00000   0.097
000015 999.990 999.990 999.990      0.000      0.000      0.000    1.00000    1.00000    1.00000    1.00000    1.00000    1.00000   0.085
000016 999.990 999.990 999.990      0.000      0.000      0.000    1.00000    1.00000    1.00000    1.00000    1.00000    1.00000   0.096
000017 999.990 999.990 999.990      0.000      0.000      0.000    1.00000    1.00000    1.00000    1.00000    1.00000    1.00000   0.100
000018 999.990 999.990 999.990      0.000      0.000      0.000    1.00000    1.00000    1.00000    1.00000    1.00000    1.00000   0.092
000019 999.990 999.990 999.990      0.000      0.000      0.000    1.00000    1.00000    1.00000    1.00000    1.00000    1.00000   0.086
000020 999.990 999.990 999.990      0.000      0.000      0.000    1.00000    1.00000    1.00000    1.00000    1.00000    1.00000   0.102
000021 999.990 999.990 999.990      0.000      0.000      0.000    1.00000    1.00000    1.00000    1.00000    1.00000    1.00000   0.088
000022 999.990 999.990 999.990      0.000      0.000      0.000    1.00000    1.00000    1.00000    1.00000    1.00000    1.00000   0.084
000023 999.990 999.990 999.990      0.000      0.000      0.000    1.00000    1.00000    1.00000    1.00000    1.00000    1.00000   0.085
000024 999.990 999.990 999.990      0.000      0.000      0.000    1.00000    1.00000    1.00000    1.00000    1.00000    1.00000   0.086
000025 999.990 999.990 999.990      0.000      0.000      0.000    1.00000    1.00000    1.00000    1.00000    1.00000    1.00000   0.085
000026 999.990 999.990 999.990      0.000      0.000      0.000    1.00000    1.00000    1.00000    1.00000    1.00000    1.00000   0.085
000027 999.990 999.990 999.990      0.000      0.000      0.000    1.00000    1.00000    1.00000    1.00000    1.00000    1.00000   0.085
000028 999.990 999.990 999.990      0.000      0.000      0.000    1.00000    1.00000    1.00000    1.00000    1.00000    1.00000   0.085
000029 999.990 999.990 999.990      0.000      0.000      0.000    1.00000    1.00000    1.00000    1.00000    1.00000    1.00000   0.088
000030 999.990 999.990 999.990      0.000      0.000      0.000    1.00000    1.00000    1.00000    1.00000    1.00000    1.00000   0.084
000031 999.990 999.990 999.990      0.000      0.000      0.000    1.00000    1.00000    1.00000    1.00000    1.00000    1.00000   0.084
000032 999.990 999.990 999.990      0.000      0.000      0.000    1.00000    1.00000    1.00000    1.00000    1.00000    1.00000   0.087
000033 999.990 999.990 999.990      0.000      0.000      0.000    1.00000    1.00000    1.00000    1.00000    1.00000    1.00000   0.085
000034 999.990 999.990 999.990      0.000      0.000      0.000    1.00000    1.00000    1.00000    1.00000    1.00000    1.00000   0.085
000035 999.990 999.990 999.990      0.000      0.000      0.000    1.00000    1.00000    1.00000    1.00000    1.00000    1.00000   0.085
000036 999.990 999.990 999.990      0.000      0.000      0.000    1.00000    1.00000    1.00000    1.00000    1.00000    1.00000   0.085
000037 999.990 999.990 999.990      0.000      0.000      0.000    1.00000    1.00000    1.00000    1.00000    1.00000    1.00000   0.084
000038 999.990 999.990 999.990      0.000      0.000      0.000    1.00000    1.00000    1.00000    1.00000    1.00000    1.00000   0.092
000039 999.990 999.990 999.990      0.000      0.000      0.000    1.00000    1.00000    1.00000    1.00000    1.00000    1.00000   0.083
000040 999.990 999.990 999.990      0.000      0.000      0.000    1.00000    1.00000    1.00000    1.00000    1.00000    1.00000   0.096
000041 999.990 999.990 999.990      0.000      0.000      0.000    1.00000    1.00000    1.00000    1.00000    1.00000    1.00000   0.091
000042 999.990 999.990 999.990      0.000      0.000      0.000    1.00000    1.00000    1.00000    1.00000    1.00000    1.00000   0.104
000043 999.990 999.990 999.990      0.000      0.000      0.000    1.00000    1.00000    1.00000    1.00000    1.00000    1.00000   0.091
000044 999.990 999.990 999.990      0.000      0.000      0.000    1.00000    1.00000    1.00000    1.00000    1.00000    1.00000   0.099
000045 999.990 999.990 999.990      0.000      0.000      0.000    1.00000    1.00000    1.00000    1.00000    1.00000    1.00000   0.085
000046 999.990 999.990 999.990      0.000      0.000      0.000    1.00000    1.00000    1.00000    1.00000    1.00000    1.00000   0.086
000047 999.990 999.990 999.990      0.000      0.000      0.000    1.00000    1.00000    1.00000    1.00000    1.00000    1.00000   0.085
000048 999.990 999.990 999.990      0.000      0.000      0.000    1.00000    1.00000    1.00000    1.00000    1.00000    1.00000   0.085
000049 999.990 999.990 999.990      0.000      0.000      0.000    1.00000    1.00000    1.00000    1.00000    1.00000    1.00000   0.085
------------------------------------------------------------------------------------------------------------------------------------------
D_Avg  999.990 999.990 999.990      0.000      0.000      0.000    1.00000    1.00000    1.00000    1.00000    1.00000    1.00000   0.088
------------------------------------------------------------------------------------------------------------------------------------------
D_Min  999.990 999.990 999.990      0.000      0.000      0.000    1.00000    1.00000    1.00000    1.00000    1.00000    1.00000 
D_Max  999.990 999.990 999.990      0.000      0.000      0.000    1.00000    1.00000    1.00000    1.00000    1.00000    1.00000 
------------------------------------------------------------------------------------------------------------------------------------------
Total of 50 frames processed in 4.422 seconds
Processing Speed: 11.31fps
------------------------------------------------------------------------------------------------------------------------------------------
