Parsing configuration file HDRMetricsYUV.cfg.
---------------------------------------------------------
 HDRMetrics.exe: Generic Video Quality Analysis tool - Version 0.11 (0.24)
---------------------------------------------------------
Parsing command line string 'EnableJVETPSNR=1'
Parsing command line string 'EnableJVETMSSSIM=1'
Parsing command line string 'EnablePSNR=1'
Parsing command line string 'NumberOfFrames=1'
Parsing command line string 'MaxSampleValue=255'
Parsing command line string 'Input0File=orig\1.yuv'
Parsing command line string 'Input1File=recon\1_recon.yuv'
Parsing command line string 'LogFile=results\Beach.txt'
Parsing command line string 'Input0Rate=1'
Parsing command line string 'Input0Width=2016'
Parsing command line string 'Input0Height=980'
Parsing command line string 'Input1Rate=1'
Parsing command line string 'Input1Width=2016'
Parsing command line string 'Input1Height=980'
Parsing command line string 'Input0BitDepthCmp0=8'
Parsing command line string 'Input0BitDepthCmp1=8'
Parsing command line string 'Input0BitDepthCmp2=8'
Parsing command line string 'Input1BitDepthCmp0=8'
Parsing command line string 'Input1BitDepthCmp1=8'
Parsing command line string 'Input1BitDepthCmp2=8'
================================================================================================================
Input0: orig\1.yuv
W x H:  (2016x980) ~ (0x0 - 0x0) => (2016x980)
ColorSpace: YCbCr (BT.709/Null)
Format: 4:2:0p, PxFmt: YUV
DataType: Fixed, BitDepth: 8, Range: STANDARD
Fps:   1.000 (1/1)
----------------------------------------------------------------------------------------------------------------
Input1: recon\1_recon.yuv
W x H:  (2016x980) ~ (0x0 - 0x0) => (2016x980)
ColorSpace: YCbCr (BT.709/Null)
Format: 4:2:0p, PxFmt: YUV
DataType: Fixed, BitDepth: 8, Range: STANDARD
Fps:   1.000 (1/1)
================================================================================================================
------------------------------------------------------------------------------------------------------------------------------------------
Frame#  PSNR-Y  PSNR-U  PSNR-V     MSE-Y      MSE-U      MSE-V     GSSIM-Y    GSSIM-U    GSSIM-V   JMSSSIM-Y  JMSSSIM-U  JMSSSIM-V   Time 
------------------------------------------------------------------------------------------------------------------------------------------
000000 999.990 999.990 999.990      0.000      0.000      0.000    1.00000    1.00000    1.00000    1.00000    1.00000    1.00000   1.771
------------------------------------------------------------------------------------------------------------------------------------------
D_Avg  999.990 999.990 999.990      0.000      0.000      0.000    1.00000    1.00000    1.00000    1.00000    1.00000    1.00000   1.778
------------------------------------------------------------------------------------------------------------------------------------------
D_Min  999.990 999.990 999.990      0.000      0.000      0.000    1.00000    1.00000    1.00000    1.00000    1.00000    1.00000 
D_Max  999.990 999.990 999.990      0.000      0.000      0.000    1.00000    1.00000    1.00000    1.00000    1.00000    1.00000 
------------------------------------------------------------------------------------------------------------------------------------------
Total of 1 frames processed in 1.778 seconds
Processing Speed: 0.56fps
------------------------------------------------------------------------------------------------------------------------------------------
