Parsing configuration file HDRMetricsYUV.cfg.
---------------------------------------------------------
 HDRMetrics.exe: Generic Video Quality Analysis tool - Version 0.11 (0.24)
---------------------------------------------------------
Parsing command line string 'EnableJVETPSNR=1'
Parsing command line string 'EnableJVETMSSSIM=1'
Parsing command line string 'EnablePSNR=1'
Parsing command line string 'NumberOfFrames=1'
Parsing command line string 'MaxSampleValue=255'
Parsing command line string 'Input0File=orig\Cactus2.yuv'
Parsing command line string 'Input1File=recon\dec_Cactus2.yuv'
Parsing command line string 'LogFile=results\Cactus.txt'
Parsing command line string 'Input0Rate=1'
Parsing command line string 'Input0Width=1280'
Parsing command line string 'Input0Height=720'
Parsing command line string 'Input1Rate=1'
Parsing command line string 'Input1Width=1280'
Parsing command line string 'Input1Height=720'
Parsing command line string 'Input0BitDepthCmp0=8'
Parsing command line string 'Input0BitDepthCmp1=8'
Parsing command line string 'Input0BitDepthCmp2=8'
Parsing command line string 'Input1BitDepthCmp0=8'
Parsing command line string 'Input1BitDepthCmp1=8'
Parsing command line string 'Input1BitDepthCmp2=8'
================================================================================================================
Input0: orig\Cactus2.yuv
W x H:  (1280x720) ~ (0x0 - 0x0) => (1280x720)
ColorSpace: YCbCr (BT.709/Null)
Format: 4:2:0p, PxFmt: YUV
DataType: Fixed, BitDepth: 8, Range: STANDARD
Fps:   1.000 (1/1)
----------------------------------------------------------------------------------------------------------------
Input1: recon\dec_Cactus2.yuv
W x H:  (1280x720) ~ (0x0 - 0x0) => (1280x720)
ColorSpace: YCbCr (BT.709/Null)
Format: 4:2:0p, PxFmt: YUV
DataType: Fixed, BitDepth: 8, Range: STANDARD
Fps:   1.000 (1/1)
================================================================================================================
------------------------------------------------------------------------------------------------------------------------------------------
Frame#  PSNR-Y  PSNR-U  PSNR-V     MSE-Y      MSE-U      MSE-V     GSSIM-Y    GSSIM-U    GSSIM-V   JMSSSIM-Y  JMSSSIM-U  JMSSSIM-V   Time 
------------------------------------------------------------------------------------------------------------------------------------------
000000  31.545  28.748  28.384     45.562     86.757     94.330    0.97869    0.94641    0.94937    0.99072    0.97549    0.97622   1.532
------------------------------------------------------------------------------------------------------------------------------------------
D_Avg   31.545  28.748  28.384     45.562     86.757     94.330    0.97869    0.94641    0.94937    0.99072    0.97549    0.97622   1.545
------------------------------------------------------------------------------------------------------------------------------------------
D_Min   31.545  28.748  28.384     45.562     86.757     94.330    0.97869    0.94641    0.94937    0.99072    0.97549    0.97622 
D_Max   31.545  28.748  28.384     45.562     86.757     94.330    0.97869    0.94641    0.94937    0.99072    0.97549    0.97622 
------------------------------------------------------------------------------------------------------------------------------------------
Total of 1 frames processed in 1.545 seconds
Processing Speed: 0.65fps
------------------------------------------------------------------------------------------------------------------------------------------
